

# controller: spawn attempt 1/4 metrics_port=19152 http_port=19154
D:\Project\wordloom-v3\backend\scripts\legacy\chronicle_outbox_worker.py:45: DeprecationWarning: 'asyncio.WindowsSelectorEventLoopPolicy' is deprecated and slated for removal in Python 3.16
  asyncio.set_event_loop_policy(asyncio.WindowsSelectorEventLoopPolicy())
D:\Project\wordloom-v3\backend\scripts\legacy\chronicle_outbox_worker.py:45: DeprecationWarning: 'asyncio.set_event_loop_policy' is deprecated and slated for removal in Python 3.16
  asyncio.set_event_loop_policy(asyncio.WindowsSelectorEventLoopPolicy())
[OK] Database: postgresql+psycopg://wordloom:wordloom@localhost:5435/wordloom_test
{"ts": "2026-02-14T14:42:46.840045+00:00", "level": "INFO", "logger": "infra.observability.tracing", "event": "tracing.startup", "enabled": true, "otel_service_name": "wordloom-chronicle-outbox-worker", "otlp_protocol": "http/protobuf", "otlp_target": "http://localhost:4318/v1/traces", "otlp_target_raw": "http://localhost:4318/v1/traces", "collector_reachable": true, "exporter_configured": true, "exporter_reason": "configured", "sampler": "always_on", "sampler_arg": "", "message": "tracing.startup", "taskName": null}
{"ts": "2026-02-14T14:42:46.840220+00:00", "level": "INFO", "logger": "infra.observability.tracing", "event": "tracing.config", "enabled": true, "otel_service_name": "wordloom-chronicle-outbox-worker", "otlp_protocol": "http/protobuf", "otlp_target": "http://localhost:4318/v1/traces", "sampler": "always_on", "sampler_arg": "", "message": "tracing.config", "taskName": null}
D:\Project\wordloom-v3\backend\scripts\legacy\chronicle_outbox_worker.py:861: DeprecationWarning: 'asyncio.WindowsSelectorEventLoopPolicy' is deprecated and slated for removal in Python 3.16
  asyncio.set_event_loop_policy(asyncio.WindowsSelectorEventLoopPolicy())
D:\Project\wordloom-v3\backend\scripts\legacy\chronicle_outbox_worker.py:861: DeprecationWarning: 'asyncio.set_event_loop_policy' is deprecated and slated for removal in Python 3.16
  asyncio.set_event_loop_policy(asyncio.WindowsSelectorEventLoopPolicy())
{"ts": "2026-02-14T14:42:46.844696+00:00", "level": "INFO", "logger": "__main__", "message": "[chronicle worker] metrics on :19152", "taskName": "Task-1"}
{"ts": "2026-02-14T14:42:46.845414+00:00", "level": "INFO", "logger": "__main__", "message": "[chronicle worker] runtime endpoints on :19154 (/healthz,/readyz)", "taskName": "Task-1"}
{"ts": "2026-02-14T14:42:47.021820+00:00", "level": "INFO", "logger": "__main__", "event": "outbox.claim_batch", "layer": "worker", "projection": "chronicle_events_to_entries", "worker_id": "DESKTOP-8ITAL7O", "batch_size": 50, "claimed": 1, "message": "outbox.claim_batch", "taskName": "Task-1"}
{"ts": "2026-02-14T14:42:47.030793+00:00", "level": "INFO", "logger": "__main__", "event": "projection.process_batch", "layer": "worker", "projection": "chronicle_events_to_entries", "worker_id": "DESKTOP-8ITAL7O", "batch_size": 1, "attempt": 0, "op": "upsert", "entity_type": "chronicle_event", "result": "ok", "message": "projection.process_batch", "taskName": "Task-1"}
{"ts": "2026-02-14T14:42:47.037866+00:00", "level": "INFO", "logger": "__main__", "event": "outbox.claim_batch", "layer": "worker", "projection": "chronicle_events_to_entries", "worker_id": "DESKTOP-8ITAL7O", "batch_size": 50, "claimed": 0, "message": "outbox.claim_batch", "taskName": "Task-1"}
{"ts": "2026-02-14T14:42:47.257291+00:00", "level": "INFO", "logger": "__main__", "event": "outbox.claim_batch", "layer": "worker", "projection": "chronicle_events_to_entries", "worker_id": "DESKTOP-8ITAL7O", "batch_size": 50, "claimed": 0, "message": "outbox.claim_batch", "taskName": "Task-1"}
{"ts": "2026-02-14T14:42:47.476795+00:00", "level": "INFO", "logger": "__main__", "event": "outbox.claim_batch", "layer": "worker", "projection": "chronicle_events_to_entries", "worker_id": "DESKTOP-8ITAL7O", "batch_size": 50, "claimed": 0, "message": "outbox.claim_batch", "taskName": "Task-1"}
{"ts": "2026-02-14T14:42:47.693817+00:00", "level": "INFO", "logger": "__main__", "event": "outbox.claim_batch", "layer": "worker", "projection": "chronicle_events_to_entries", "worker_id": "DESKTOP-8ITAL7O", "batch_size": 50, "claimed": 0, "message": "outbox.claim_batch", "taskName": "Task-1"}
{"ts": "2026-02-14T14:42:47.911530+00:00", "level": "INFO", "logger": "__main__", "event": "outbox.claim_batch", "layer": "worker", "projection": "chronicle_events_to_entries", "worker_id": "DESKTOP-8ITAL7O", "batch_size": 50, "claimed": 0, "message": "outbox.claim_batch", "taskName": "Task-1"}
{"ts": "2026-02-14T14:42:48.127695+00:00", "level": "INFO", "logger": "__main__", "event": "outbox.claim_batch", "layer": "worker", "projection": "chronicle_events_to_entries", "worker_id": "DESKTOP-8ITAL7O", "batch_size": 50, "claimed": 0, "message": "outbox.claim_batch", "taskName": "Task-1"}
{"ts": "2026-02-14T14:42:48.346457+00:00", "level": "INFO", "logger": "__main__", "event": "outbox.claim_batch", "layer": "worker", "projection": "chronicle_events_to_entries", "worker_id": "DESKTOP-8ITAL7O", "batch_size": 50, "claimed": 0, "message": "outbox.claim_batch", "taskName": "Task-1"}
{"ts": "2026-02-14T14:42:48.567082+00:00", "level": "INFO", "logger": "__main__", "event": "outbox.claim_batch", "layer": "worker", "projection": "chronicle_events_to_entries", "worker_id": "DESKTOP-8ITAL7O", "batch_size": 50, "claimed": 0, "message": "outbox.claim_batch", "taskName": "Task-1"}
{"ts": "2026-02-14T14:42:48.775635+00:00", "level": "INFO", "logger": "__main__", "event": "outbox.claim_batch", "layer": "worker", "projection": "chronicle_events_to_entries", "worker_id": "DESKTOP-8ITAL7O", "batch_size": 50, "claimed": 0, "message": "outbox.claim_batch", "taskName": "Task-1"}
{"ts": "2026-02-14T14:42:49.007996+00:00", "level": "INFO", "logger": "__main__", "event": "outbox.claim_batch", "layer": "worker", "projection": "chronicle_events_to_entries", "worker_id": "DESKTOP-8ITAL7O", "batch_size": 50, "claimed": 0, "message": "outbox.claim_batch", "taskName": "Task-1"}
{"ts": "2026-02-14T14:42:49.221089+00:00", "level": "INFO", "logger": "__main__", "event": "outbox.claim_batch", "layer": "worker", "projection": "chronicle_events_to_entries", "worker_id": "DESKTOP-8ITAL7O", "batch_size": 50, "claimed": 0, "message": "outbox.claim_batch", "taskName": "Task-1"}
{"ts": "2026-02-14T14:42:49.448063+00:00", "level": "INFO", "logger": "__main__", "event": "outbox.claim_batch", "layer": "worker", "projection": "chronicle_events_to_entries", "worker_id": "DESKTOP-8ITAL7O", "batch_size": 50, "claimed": 0, "message": "outbox.claim_batch", "taskName": "Task-1"}
{"ts": "2026-02-14T14:42:49.658361+00:00", "level": "INFO", "logger": "__main__", "event": "outbox.claim_batch", "layer": "worker", "projection": "chronicle_events_to_entries", "worker_id": "DESKTOP-8ITAL7O", "batch_size": 50, "claimed": 0, "message": "outbox.claim_batch", "taskName": "Task-1"}
{"ts": "2026-02-14T14:42:49.872440+00:00", "level": "INFO", "logger": "__main__", "event": "outbox.claim_batch", "layer": "worker", "projection": "chronicle_events_to_entries", "worker_id": "DESKTOP-8ITAL7O", "batch_size": 50, "claimed": 0, "message": "outbox.claim_batch", "taskName": "Task-1"}
{"ts": "2026-02-14T14:42:50.088451+00:00", "level": "INFO", "logger": "__main__", "event": "outbox.claim_batch", "layer": "worker", "projection": "chronicle_events_to_entries", "worker_id": "DESKTOP-8ITAL7O", "batch_size": 50, "claimed": 0, "message": "outbox.claim_batch", "taskName": "Task-1"}
{"ts": "2026-02-14T14:42:50.306555+00:00", "level": "INFO", "logger": "__main__", "event": "outbox.claim_batch", "layer": "worker", "projection": "chronicle_events_to_entries", "worker_id": "DESKTOP-8ITAL7O", "batch_size": 50, "claimed": 0, "message": "outbox.claim_batch", "taskName": "Task-1"}
{"ts": "2026-02-14T14:42:50.521556+00:00", "level": "INFO", "logger": "__main__", "event": "outbox.claim_batch", "layer": "worker", "projection": "chronicle_events_to_entries", "worker_id": "DESKTOP-8ITAL7O", "batch_size": 50, "claimed": 0, "message": "outbox.claim_batch", "taskName": "Task-1"}
{"ts": "2026-02-14T14:42:50.733795+00:00", "level": "INFO", "logger": "__main__", "event": "outbox.claim_batch", "layer": "worker", "projection": "chronicle_events_to_entries", "worker_id": "DESKTOP-8ITAL7O", "batch_size": 50, "claimed": 0, "message": "outbox.claim_batch", "taskName": "Task-1"}
{"ts": "2026-02-14T14:42:50.942767+00:00", "level": "INFO", "logger": "__main__", "event": "outbox.claim_batch", "layer": "worker", "projection": "chronicle_events_to_entries", "worker_id": "DESKTOP-8ITAL7O", "batch_size": 50, "claimed": 0, "message": "outbox.claim_batch", "taskName": "Task-1"}
{"ts": "2026-02-14T14:42:51.164390+00:00", "level": "INFO", "logger": "__main__", "event": "outbox.claim_batch", "layer": "worker", "projection": "chronicle_events_to_entries", "worker_id": "DESKTOP-8ITAL7O", "batch_size": 50, "claimed": 0, "message": "outbox.claim_batch", "taskName": "Task-1"}
{"ts": "2026-02-14T14:42:51.374751+00:00", "level": "INFO", "logger": "__main__", "event": "outbox.claim_batch", "layer": "worker", "projection": "chronicle_events_to_entries", "worker_id": "DESKTOP-8ITAL7O", "batch_size": 50, "claimed": 0, "message": "outbox.claim_batch", "taskName": "Task-1"}
{"ts": "2026-02-14T14:42:51.591652+00:00", "level": "INFO", "logger": "__main__", "event": "outbox.claim_batch", "layer": "worker", "projection": "chronicle_events_to_entries", "worker_id": "DESKTOP-8ITAL7O", "batch_size": 50, "claimed": 0, "message": "outbox.claim_batch", "taskName": "Task-1"}
{"ts": "2026-02-14T14:42:51.812201+00:00", "level": "INFO", "logger": "__main__", "event": "outbox.claim_batch", "layer": "worker", "projection": "chronicle_events_to_entries", "worker_id": "DESKTOP-8ITAL7O", "batch_size": 50, "claimed": 0, "message": "outbox.claim_batch", "taskName": "Task-1"}
{"ts": "2026-02-14T14:42:52.035197+00:00", "level": "INFO", "logger": "__main__", "event": "outbox.claim_batch", "layer": "worker", "projection": "chronicle_events_to_entries", "worker_id": "DESKTOP-8ITAL7O", "batch_size": 50, "claimed": 0, "message": "outbox.claim_batch", "taskName": "Task-1"}
{"ts": "2026-02-14T14:42:52.258241+00:00", "level": "INFO", "logger": "__main__", "event": "outbox.claim_batch", "layer": "worker", "projection": "chronicle_events_to_entries", "worker_id": "DESKTOP-8ITAL7O", "batch_size": 50, "claimed": 0, "message": "outbox.claim_batch", "taskName": "Task-1"}
{"ts": "2026-02-14T14:42:52.475737+00:00", "level": "INFO", "logger": "__main__", "event": "outbox.claim_batch", "layer": "worker", "projection": "chronicle_events_to_entries", "worker_id": "DESKTOP-8ITAL7O", "batch_size": 50, "claimed": 0, "message": "outbox.claim_batch", "taskName": "Task-1"}
{"ts": "2026-02-14T14:42:52.694394+00:00", "level": "INFO", "logger": "__main__", "event": "outbox.claim_batch", "layer": "worker", "projection": "chronicle_events_to_entries", "worker_id": "DESKTOP-8ITAL7O", "batch_size": 50, "claimed": 0, "message": "outbox.claim_batch", "taskName": "Task-1"}
{"ts": "2026-02-14T14:42:52.911159+00:00", "level": "INFO", "logger": "__main__", "event": "outbox.claim_batch", "layer": "worker", "projection": "chronicle_events_to_entries", "worker_id": "DESKTOP-8ITAL7O", "batch_size": 50, "claimed": 0, "message": "outbox.claim_batch", "taskName": "Task-1"}
{"ts": "2026-02-14T14:42:53.122877+00:00", "level": "INFO", "logger": "__main__", "event": "outbox.claim_batch", "layer": "worker", "projection": "chronicle_events_to_entries", "worker_id": "DESKTOP-8ITAL7O", "batch_size": 50, "claimed": 0, "message": "outbox.claim_batch", "taskName": "Task-1"}
{"ts": "2026-02-14T14:42:53.347901+00:00", "level": "INFO", "logger": "__main__", "event": "outbox.claim_batch", "layer": "worker", "projection": "chronicle_events_to_entries", "worker_id": "DESKTOP-8ITAL7O", "batch_size": 50, "claimed": 0, "message": "outbox.claim_batch", "taskName": "Task-1"}
{"ts": "2026-02-14T14:42:53.562557+00:00", "level": "INFO", "logger": "__main__", "event": "outbox.claim_batch", "layer": "worker", "projection": "chronicle_events_to_entries", "worker_id": "DESKTOP-8ITAL7O", "batch_size": 50, "claimed": 0, "message": "outbox.claim_batch", "taskName": "Task-1"}
{"ts": "2026-02-14T14:42:53.775656+00:00", "level": "INFO", "logger": "__main__", "event": "outbox.claim_batch", "layer": "worker", "projection": "chronicle_events_to_entries", "worker_id": "DESKTOP-8ITAL7O", "batch_size": 50, "claimed": 0, "message": "outbox.claim_batch", "taskName": "Task-1"}
{"ts": "2026-02-14T14:42:53.994837+00:00", "level": "INFO", "logger": "__main__", "event": "outbox.claim_batch", "layer": "worker", "projection": "chronicle_events_to_entries", "worker_id": "DESKTOP-8ITAL7O", "batch_size": 50, "claimed": 0, "message": "outbox.claim_batch", "taskName": "Task-1"}
{"ts": "2026-02-14T14:42:54.210270+00:00", "level": "INFO", "logger": "__main__", "event": "outbox.claim_batch", "layer": "worker", "projection": "chronicle_events_to_entries", "worker_id": "DESKTOP-8ITAL7O", "batch_size": 50, "claimed": 0, "message": "outbox.claim_batch", "taskName": "Task-1"}
{"ts": "2026-02-14T14:42:54.428912+00:00", "level": "INFO", "logger": "__main__", "event": "outbox.claim_batch", "layer": "worker", "projection": "chronicle_events_to_entries", "worker_id": "DESKTOP-8ITAL7O", "batch_size": 50, "claimed": 0, "message": "outbox.claim_batch", "taskName": "Task-1"}
{"ts": "2026-02-14T14:42:54.646955+00:00", "level": "INFO", "logger": "__main__", "event": "outbox.claim_batch", "layer": "worker", "projection": "chronicle_events_to_entries", "worker_id": "DESKTOP-8ITAL7O", "batch_size": 50, "claimed": 0, "message": "outbox.claim_batch", "taskName": "Task-1"}
{"ts": "2026-02-14T14:42:54.866401+00:00", "level": "INFO", "logger": "__main__", "event": "outbox.claim_batch", "layer": "worker", "projection": "chronicle_events_to_entries", "worker_id": "DESKTOP-8ITAL7O", "batch_size": 50, "claimed": 0, "message": "outbox.claim_batch", "taskName": "Task-1"}
{"ts": "2026-02-14T14:42:55.076766+00:00", "level": "INFO", "logger": "__main__", "event": "outbox.claim_batch", "layer": "worker", "projection": "chronicle_events_to_entries", "worker_id": "DESKTOP-8ITAL7O", "batch_size": 50, "claimed": 0, "message": "outbox.claim_batch", "taskName": "Task-1"}
{"ts": "2026-02-14T14:42:55.291716+00:00", "level": "INFO", "logger": "__main__", "event": "outbox.claim_batch", "layer": "worker", "projection": "chronicle_events_to_entries", "worker_id": "DESKTOP-8ITAL7O", "batch_size": 50, "claimed": 0, "message": "outbox.claim_batch", "taskName": "Task-1"}
{"ts": "2026-02-14T14:42:55.518930+00:00", "level": "INFO", "logger": "__main__", "event": "outbox.claim_batch", "layer": "worker", "projection": "chronicle_events_to_entries", "worker_id": "DESKTOP-8ITAL7O", "batch_size": 50, "claimed": 0, "message": "outbox.claim_batch", "taskName": "Task-1"}
{"ts": "2026-02-14T14:42:55.738053+00:00", "level": "INFO", "logger": "__main__", "event": "outbox.claim_batch", "layer": "worker", "projection": "chronicle_events_to_entries", "worker_id": "DESKTOP-8ITAL7O", "batch_size": 50, "claimed": 0, "message": "outbox.claim_batch", "taskName": "Task-1"}
{"ts": "2026-02-14T14:42:55.959877+00:00", "level": "INFO", "logger": "__main__", "event": "outbox.claim_batch", "layer": "worker", "projection": "chronicle_events_to_entries", "worker_id": "DESKTOP-8ITAL7O", "batch_size": 50, "claimed": 0, "message": "outbox.claim_batch", "taskName": "Task-1"}
{"ts": "2026-02-14T14:42:56.171886+00:00", "level": "INFO", "logger": "__main__", "event": "outbox.claim_batch", "layer": "worker", "projection": "chronicle_events_to_entries", "worker_id": "DESKTOP-8ITAL7O", "batch_size": 50, "claimed": 0, "message": "outbox.claim_batch", "taskName": "Task-1"}
{"ts": "2026-02-14T14:42:56.387720+00:00", "level": "INFO", "logger": "__main__", "event": "outbox.claim_batch", "layer": "worker", "projection": "chronicle_events_to_entries", "worker_id": "DESKTOP-8ITAL7O", "batch_size": 50, "claimed": 0, "message": "outbox.claim_batch", "taskName": "Task-1"}
{"ts": "2026-02-14T14:42:56.611727+00:00", "level": "INFO", "logger": "__main__", "event": "outbox.claim_batch", "layer": "worker", "projection": "chronicle_events_to_entries", "worker_id": "DESKTOP-8ITAL7O", "batch_size": 50, "claimed": 0, "message": "outbox.claim_batch", "taskName": "Task-1"}
{"ts": "2026-02-14T14:42:56.822576+00:00", "level": "INFO", "logger": "__main__", "event": "outbox.claim_batch", "layer": "worker", "projection": "chronicle_events_to_entries", "worker_id": "DESKTOP-8ITAL7O", "batch_size": 50, "claimed": 0, "message": "outbox.claim_batch", "taskName": "Task-1"}
{"ts": "2026-02-14T14:42:57.034730+00:00", "level": "INFO", "logger": "__main__", "message": "[chronicle worker] exiting after OUTBOX_RUN_SECONDS=10.0", "taskName": "Task-1"}
