

# controller: spawn attempt 1/4 metrics_port=19151 http_port=19153
D:\Project\wordloom-v3\backend\scripts\legacy\chronicle_outbox_worker.py:45: DeprecationWarning: 'asyncio.WindowsSelectorEventLoopPolicy' is deprecated and slated for removal in Python 3.16
  asyncio.set_event_loop_policy(asyncio.WindowsSelectorEventLoopPolicy())
D:\Project\wordloom-v3\backend\scripts\legacy\chronicle_outbox_worker.py:45: DeprecationWarning: 'asyncio.set_event_loop_policy' is deprecated and slated for removal in Python 3.16
  asyncio.set_event_loop_policy(asyncio.WindowsSelectorEventLoopPolicy())
[OK] Database: postgresql+psycopg://wordloom:wordloom@localhost:5435/wordloom_test
{"ts": "2026-02-14T14:42:31.033008+00:00", "level": "INFO", "logger": "infra.observability.tracing", "event": "tracing.startup", "enabled": true, "otel_service_name": "wordloom-chronicle-outbox-worker", "otlp_protocol": "http/protobuf", "otlp_target": "http://localhost:4318/v1/traces", "otlp_target_raw": "http://localhost:4318/v1/traces", "collector_reachable": true, "exporter_configured": true, "exporter_reason": "configured", "sampler": "always_on", "sampler_arg": "", "message": "tracing.startup", "taskName": null}
{"ts": "2026-02-14T14:42:31.033219+00:00", "level": "INFO", "logger": "infra.observability.tracing", "event": "tracing.config", "enabled": true, "otel_service_name": "wordloom-chronicle-outbox-worker", "otlp_protocol": "http/protobuf", "otlp_target": "http://localhost:4318/v1/traces", "sampler": "always_on", "sampler_arg": "", "message": "tracing.config", "taskName": null}
D:\Project\wordloom-v3\backend\scripts\legacy\chronicle_outbox_worker.py:861: DeprecationWarning: 'asyncio.WindowsSelectorEventLoopPolicy' is deprecated and slated for removal in Python 3.16
  asyncio.set_event_loop_policy(asyncio.WindowsSelectorEventLoopPolicy())
D:\Project\wordloom-v3\backend\scripts\legacy\chronicle_outbox_worker.py:861: DeprecationWarning: 'asyncio.set_event_loop_policy' is deprecated and slated for removal in Python 3.16
  asyncio.set_event_loop_policy(asyncio.WindowsSelectorEventLoopPolicy())
{"ts": "2026-02-14T14:42:31.038757+00:00", "level": "INFO", "logger": "__main__", "message": "[chronicle worker] metrics on :19151", "taskName": "Task-1"}
{"ts": "2026-02-14T14:42:31.039760+00:00", "level": "INFO", "logger": "__main__", "message": "[chronicle worker] runtime endpoints on :19153 (/healthz,/readyz)", "taskName": "Task-1"}
{"ts": "2026-02-14T14:42:31.268394+00:00", "level": "INFO", "logger": "__main__", "event": "outbox.claim_batch", "layer": "worker", "projection": "chronicle_events_to_entries", "worker_id": "DESKTOP-8ITAL7O", "batch_size": 50, "claimed": 1, "message": "outbox.claim_batch", "taskName": "Task-1"}
{"ts": "2026-02-14T14:42:31.292785+00:00", "level": "INFO", "logger": "__main__", "event": "projection.process_batch", "layer": "worker", "projection": "chronicle_events_to_entries", "worker_id": "DESKTOP-8ITAL7O", "batch_size": 1, "attempt": 0, "op": "upsert", "entity_type": "chronicle_event", "result": "ok", "message": "projection.process_batch", "taskName": "Task-1"}
{"ts": "2026-02-14T14:42:31.303474+00:00", "level": "INFO", "logger": "__main__", "event": "outbox.claim_batch", "layer": "worker", "projection": "chronicle_events_to_entries", "worker_id": "DESKTOP-8ITAL7O", "batch_size": 50, "claimed": 0, "message": "outbox.claim_batch", "taskName": "Task-1"}
{"ts": "2026-02-14T14:42:31.523746+00:00", "level": "INFO", "logger": "__main__", "event": "outbox.claim_batch", "layer": "worker", "projection": "chronicle_events_to_entries", "worker_id": "DESKTOP-8ITAL7O", "batch_size": 50, "claimed": 0, "message": "outbox.claim_batch", "taskName": "Task-1"}
{"ts": "2026-02-14T14:42:31.748617+00:00", "level": "INFO", "logger": "__main__", "event": "outbox.claim_batch", "layer": "worker", "projection": "chronicle_events_to_entries", "worker_id": "DESKTOP-8ITAL7O", "batch_size": 50, "claimed": 0, "message": "outbox.claim_batch", "taskName": "Task-1"}
{"ts": "2026-02-14T14:42:31.963358+00:00", "level": "INFO", "logger": "__main__", "event": "outbox.claim_batch", "layer": "worker", "projection": "chronicle_events_to_entries", "worker_id": "DESKTOP-8ITAL7O", "batch_size": 50, "claimed": 0, "message": "outbox.claim_batch", "taskName": "Task-1"}
{"ts": "2026-02-14T14:42:32.181247+00:00", "level": "INFO", "logger": "__main__", "event": "outbox.claim_batch", "layer": "worker", "projection": "chronicle_events_to_entries", "worker_id": "DESKTOP-8ITAL7O", "batch_size": 50, "claimed": 0, "message": "outbox.claim_batch", "taskName": "Task-1"}
{"ts": "2026-02-14T14:42:32.399223+00:00", "level": "INFO", "logger": "__main__", "event": "outbox.claim_batch", "layer": "worker", "projection": "chronicle_events_to_entries", "worker_id": "DESKTOP-8ITAL7O", "batch_size": 50, "claimed": 0, "message": "outbox.claim_batch", "taskName": "Task-1"}
{"ts": "2026-02-14T14:42:32.612007+00:00", "level": "INFO", "logger": "__main__", "event": "outbox.claim_batch", "layer": "worker", "projection": "chronicle_events_to_entries", "worker_id": "DESKTOP-8ITAL7O", "batch_size": 50, "claimed": 0, "message": "outbox.claim_batch", "taskName": "Task-1"}
{"ts": "2026-02-14T14:42:32.833104+00:00", "level": "INFO", "logger": "__main__", "event": "outbox.claim_batch", "layer": "worker", "projection": "chronicle_events_to_entries", "worker_id": "DESKTOP-8ITAL7O", "batch_size": 50, "claimed": 0, "message": "outbox.claim_batch", "taskName": "Task-1"}
{"ts": "2026-02-14T14:42:33.060406+00:00", "level": "INFO", "logger": "__main__", "event": "outbox.claim_batch", "layer": "worker", "projection": "chronicle_events_to_entries", "worker_id": "DESKTOP-8ITAL7O", "batch_size": 50, "claimed": 0, "message": "outbox.claim_batch", "taskName": "Task-1"}
{"ts": "2026-02-14T14:42:33.278100+00:00", "level": "INFO", "logger": "__main__", "event": "outbox.claim_batch", "layer": "worker", "projection": "chronicle_events_to_entries", "worker_id": "DESKTOP-8ITAL7O", "batch_size": 50, "claimed": 0, "message": "outbox.claim_batch", "taskName": "Task-1"}
{"ts": "2026-02-14T14:42:33.495248+00:00", "level": "INFO", "logger": "__main__", "event": "outbox.claim_batch", "layer": "worker", "projection": "chronicle_events_to_entries", "worker_id": "DESKTOP-8ITAL7O", "batch_size": 50, "claimed": 0, "message": "outbox.claim_batch", "taskName": "Task-1"}
{"ts": "2026-02-14T14:42:33.709523+00:00", "level": "INFO", "logger": "__main__", "event": "outbox.claim_batch", "layer": "worker", "projection": "chronicle_events_to_entries", "worker_id": "DESKTOP-8ITAL7O", "batch_size": 50, "claimed": 0, "message": "outbox.claim_batch", "taskName": "Task-1"}
{"ts": "2026-02-14T14:42:33.929552+00:00", "level": "INFO", "logger": "__main__", "event": "outbox.claim_batch", "layer": "worker", "projection": "chronicle_events_to_entries", "worker_id": "DESKTOP-8ITAL7O", "batch_size": 50, "claimed": 0, "message": "outbox.claim_batch", "taskName": "Task-1"}
{"ts": "2026-02-14T14:42:34.146121+00:00", "level": "INFO", "logger": "__main__", "event": "outbox.claim_batch", "layer": "worker", "projection": "chronicle_events_to_entries", "worker_id": "DESKTOP-8ITAL7O", "batch_size": 50, "claimed": 0, "message": "outbox.claim_batch", "taskName": "Task-1"}
{"ts": "2026-02-14T14:42:34.361570+00:00", "level": "INFO", "logger": "__main__", "event": "outbox.claim_batch", "layer": "worker", "projection": "chronicle_events_to_entries", "worker_id": "DESKTOP-8ITAL7O", "batch_size": 50, "claimed": 0, "message": "outbox.claim_batch", "taskName": "Task-1"}
{"ts": "2026-02-14T14:42:34.572342+00:00", "level": "INFO", "logger": "__main__", "event": "outbox.claim_batch", "layer": "worker", "projection": "chronicle_events_to_entries", "worker_id": "DESKTOP-8ITAL7O", "batch_size": 50, "claimed": 0, "message": "outbox.claim_batch", "taskName": "Task-1"}
{"ts": "2026-02-14T14:42:34.789990+00:00", "level": "INFO", "logger": "__main__", "event": "outbox.claim_batch", "layer": "worker", "projection": "chronicle_events_to_entries", "worker_id": "DESKTOP-8ITAL7O", "batch_size": 50, "claimed": 0, "message": "outbox.claim_batch", "taskName": "Task-1"}
{"ts": "2026-02-14T14:42:35.007303+00:00", "level": "INFO", "logger": "__main__", "event": "outbox.claim_batch", "layer": "worker", "projection": "chronicle_events_to_entries", "worker_id": "DESKTOP-8ITAL7O", "batch_size": 50, "claimed": 0, "message": "outbox.claim_batch", "taskName": "Task-1"}
{"ts": "2026-02-14T14:42:35.227211+00:00", "level": "INFO", "logger": "__main__", "event": "outbox.claim_batch", "layer": "worker", "projection": "chronicle_events_to_entries", "worker_id": "DESKTOP-8ITAL7O", "batch_size": 50, "claimed": 0, "message": "outbox.claim_batch", "taskName": "Task-1"}
{"ts": "2026-02-14T14:42:35.450260+00:00", "level": "INFO", "logger": "__main__", "event": "outbox.claim_batch", "layer": "worker", "projection": "chronicle_events_to_entries", "worker_id": "DESKTOP-8ITAL7O", "batch_size": 50, "claimed": 0, "message": "outbox.claim_batch", "taskName": "Task-1"}
{"ts": "2026-02-14T14:42:35.660050+00:00", "level": "INFO", "logger": "__main__", "event": "outbox.claim_batch", "layer": "worker", "projection": "chronicle_events_to_entries", "worker_id": "DESKTOP-8ITAL7O", "batch_size": 50, "claimed": 0, "message": "outbox.claim_batch", "taskName": "Task-1"}
{"ts": "2026-02-14T14:42:35.871566+00:00", "level": "INFO", "logger": "__main__", "event": "outbox.claim_batch", "layer": "worker", "projection": "chronicle_events_to_entries", "worker_id": "DESKTOP-8ITAL7O", "batch_size": 50, "claimed": 0, "message": "outbox.claim_batch", "taskName": "Task-1"}
{"ts": "2026-02-14T14:42:36.085479+00:00", "level": "INFO", "logger": "__main__", "event": "outbox.claim_batch", "layer": "worker", "projection": "chronicle_events_to_entries", "worker_id": "DESKTOP-8ITAL7O", "batch_size": 50, "claimed": 0, "message": "outbox.claim_batch", "taskName": "Task-1"}
{"ts": "2026-02-14T14:42:36.301810+00:00", "level": "INFO", "logger": "__main__", "event": "outbox.claim_batch", "layer": "worker", "projection": "chronicle_events_to_entries", "worker_id": "DESKTOP-8ITAL7O", "batch_size": 50, "claimed": 0, "message": "outbox.claim_batch", "taskName": "Task-1"}
{"ts": "2026-02-14T14:42:36.524766+00:00", "level": "INFO", "logger": "__main__", "event": "outbox.claim_batch", "layer": "worker", "projection": "chronicle_events_to_entries", "worker_id": "DESKTOP-8ITAL7O", "batch_size": 50, "claimed": 0, "message": "outbox.claim_batch", "taskName": "Task-1"}
{"ts": "2026-02-14T14:42:36.741115+00:00", "level": "INFO", "logger": "__main__", "event": "outbox.claim_batch", "layer": "worker", "projection": "chronicle_events_to_entries", "worker_id": "DESKTOP-8ITAL7O", "batch_size": 50, "claimed": 0, "message": "outbox.claim_batch", "taskName": "Task-1"}
{"ts": "2026-02-14T14:42:36.958139+00:00", "level": "INFO", "logger": "__main__", "event": "outbox.claim_batch", "layer": "worker", "projection": "chronicle_events_to_entries", "worker_id": "DESKTOP-8ITAL7O", "batch_size": 50, "claimed": 0, "message": "outbox.claim_batch", "taskName": "Task-1"}
{"ts": "2026-02-14T14:42:37.170008+00:00", "level": "INFO", "logger": "__main__", "event": "outbox.claim_batch", "layer": "worker", "projection": "chronicle_events_to_entries", "worker_id": "DESKTOP-8ITAL7O", "batch_size": 50, "claimed": 0, "message": "outbox.claim_batch", "taskName": "Task-1"}
{"ts": "2026-02-14T14:42:37.389480+00:00", "level": "INFO", "logger": "__main__", "event": "outbox.claim_batch", "layer": "worker", "projection": "chronicle_events_to_entries", "worker_id": "DESKTOP-8ITAL7O", "batch_size": 50, "claimed": 0, "message": "outbox.claim_batch", "taskName": "Task-1"}
{"ts": "2026-02-14T14:42:37.604962+00:00", "level": "INFO", "logger": "__main__", "event": "outbox.claim_batch", "layer": "worker", "projection": "chronicle_events_to_entries", "worker_id": "DESKTOP-8ITAL7O", "batch_size": 50, "claimed": 0, "message": "outbox.claim_batch", "taskName": "Task-1"}
{"ts": "2026-02-14T14:42:37.814238+00:00", "level": "INFO", "logger": "__main__", "event": "outbox.claim_batch", "layer": "worker", "projection": "chronicle_events_to_entries", "worker_id": "DESKTOP-8ITAL7O", "batch_size": 50, "claimed": 0, "message": "outbox.claim_batch", "taskName": "Task-1"}
{"ts": "2026-02-14T14:42:38.024299+00:00", "level": "INFO", "logger": "__main__", "event": "outbox.claim_batch", "layer": "worker", "projection": "chronicle_events_to_entries", "worker_id": "DESKTOP-8ITAL7O", "batch_size": 50, "claimed": 0, "message": "outbox.claim_batch", "taskName": "Task-1"}
{"ts": "2026-02-14T14:42:38.243360+00:00", "level": "INFO", "logger": "__main__", "event": "outbox.claim_batch", "layer": "worker", "projection": "chronicle_events_to_entries", "worker_id": "DESKTOP-8ITAL7O", "batch_size": 50, "claimed": 0, "message": "outbox.claim_batch", "taskName": "Task-1"}
{"ts": "2026-02-14T14:42:38.462359+00:00", "level": "INFO", "logger": "__main__", "event": "outbox.claim_batch", "layer": "worker", "projection": "chronicle_events_to_entries", "worker_id": "DESKTOP-8ITAL7O", "batch_size": 50, "claimed": 0, "message": "outbox.claim_batch", "taskName": "Task-1"}
{"ts": "2026-02-14T14:42:38.670250+00:00", "level": "INFO", "logger": "__main__", "event": "outbox.claim_batch", "layer": "worker", "projection": "chronicle_events_to_entries", "worker_id": "DESKTOP-8ITAL7O", "batch_size": 50, "claimed": 0, "message": "outbox.claim_batch", "taskName": "Task-1"}
{"ts": "2026-02-14T14:42:38.886701+00:00", "level": "INFO", "logger": "__main__", "event": "outbox.claim_batch", "layer": "worker", "projection": "chronicle_events_to_entries", "worker_id": "DESKTOP-8ITAL7O", "batch_size": 50, "claimed": 0, "message": "outbox.claim_batch", "taskName": "Task-1"}
{"ts": "2026-02-14T14:42:39.104701+00:00", "level": "INFO", "logger": "__main__", "event": "outbox.claim_batch", "layer": "worker", "projection": "chronicle_events_to_entries", "worker_id": "DESKTOP-8ITAL7O", "batch_size": 50, "claimed": 0, "message": "outbox.claim_batch", "taskName": "Task-1"}
{"ts": "2026-02-14T14:42:39.320565+00:00", "level": "INFO", "logger": "__main__", "event": "outbox.claim_batch", "layer": "worker", "projection": "chronicle_events_to_entries", "worker_id": "DESKTOP-8ITAL7O", "batch_size": 50, "claimed": 0, "message": "outbox.claim_batch", "taskName": "Task-1"}
{"ts": "2026-02-14T14:42:39.549328+00:00", "level": "INFO", "logger": "__main__", "event": "outbox.claim_batch", "layer": "worker", "projection": "chronicle_events_to_entries", "worker_id": "DESKTOP-8ITAL7O", "batch_size": 50, "claimed": 0, "message": "outbox.claim_batch", "taskName": "Task-1"}
{"ts": "2026-02-14T14:42:39.773162+00:00", "level": "INFO", "logger": "__main__", "event": "outbox.claim_batch", "layer": "worker", "projection": "chronicle_events_to_entries", "worker_id": "DESKTOP-8ITAL7O", "batch_size": 50, "claimed": 0, "message": "outbox.claim_batch", "taskName": "Task-1"}
{"ts": "2026-02-14T14:42:39.997442+00:00", "level": "INFO", "logger": "__main__", "event": "outbox.claim_batch", "layer": "worker", "projection": "chronicle_events_to_entries", "worker_id": "DESKTOP-8ITAL7O", "batch_size": 50, "claimed": 0, "message": "outbox.claim_batch", "taskName": "Task-1"}
{"ts": "2026-02-14T14:42:40.212733+00:00", "level": "INFO", "logger": "__main__", "event": "outbox.claim_batch", "layer": "worker", "projection": "chronicle_events_to_entries", "worker_id": "DESKTOP-8ITAL7O", "batch_size": 50, "claimed": 0, "message": "outbox.claim_batch", "taskName": "Task-1"}
{"ts": "2026-02-14T14:42:40.420516+00:00", "level": "INFO", "logger": "__main__", "event": "outbox.claim_batch", "layer": "worker", "projection": "chronicle_events_to_entries", "worker_id": "DESKTOP-8ITAL7O", "batch_size": 50, "claimed": 0, "message": "outbox.claim_batch", "taskName": "Task-1"}
{"ts": "2026-02-14T14:42:40.649330+00:00", "level": "INFO", "logger": "__main__", "event": "outbox.claim_batch", "layer": "worker", "projection": "chronicle_events_to_entries", "worker_id": "DESKTOP-8ITAL7O", "batch_size": 50, "claimed": 0, "message": "outbox.claim_batch", "taskName": "Task-1"}
{"ts": "2026-02-14T14:42:40.867760+00:00", "level": "INFO", "logger": "__main__", "event": "outbox.claim_batch", "layer": "worker", "projection": "chronicle_events_to_entries", "worker_id": "DESKTOP-8ITAL7O", "batch_size": 50, "claimed": 0, "message": "outbox.claim_batch", "taskName": "Task-1"}
{"ts": "2026-02-14T14:42:41.081638+00:00", "level": "INFO", "logger": "__main__", "event": "outbox.claim_batch", "layer": "worker", "projection": "chronicle_events_to_entries", "worker_id": "DESKTOP-8ITAL7O", "batch_size": 50, "claimed": 0, "message": "outbox.claim_batch", "taskName": "Task-1"}
{"ts": "2026-02-14T14:42:41.282082+00:00", "level": "INFO", "logger": "__main__", "message": "[chronicle worker] exiting after OUTBOX_RUN_SECONDS=10.0", "taskName": "Task-1"}
