

# controller: spawn attempt 1/4 metrics_port=19113 http_port=19115
D:\Project\wordloom-v3\backend\scripts\legacy\chronicle_outbox_worker.py:45: DeprecationWarning: 'asyncio.WindowsSelectorEventLoopPolicy' is deprecated and slated for removal in Python 3.16
  asyncio.set_event_loop_policy(asyncio.WindowsSelectorEventLoopPolicy())
D:\Project\wordloom-v3\backend\scripts\legacy\chronicle_outbox_worker.py:45: DeprecationWarning: 'asyncio.set_event_loop_policy' is deprecated and slated for removal in Python 3.16
  asyncio.set_event_loop_policy(asyncio.WindowsSelectorEventLoopPolicy())
[OK] Database: postgresql+psycopg://wordloom:wordloom@localhost:5435/wordloom_test
{"ts": "2026-02-14T13:24:04.552307+00:00", "level": "INFO", "logger": "infra.observability.tracing", "event": "tracing.startup", "enabled": true, "otel_service_name": "wordloom-chronicle-outbox-worker", "otlp_protocol": "http/protobuf", "otlp_target": "http://localhost:4318/v1/traces", "otlp_target_raw": "http://localhost:4318/v1/traces", "collector_reachable": true, "exporter_configured": true, "exporter_reason": "configured", "sampler": "always_on", "sampler_arg": "", "message": "tracing.startup", "taskName": null}
{"ts": "2026-02-14T13:24:04.552457+00:00", "level": "INFO", "logger": "infra.observability.tracing", "event": "tracing.config", "enabled": true, "otel_service_name": "wordloom-chronicle-outbox-worker", "otlp_protocol": "http/protobuf", "otlp_target": "http://localhost:4318/v1/traces", "sampler": "always_on", "sampler_arg": "", "message": "tracing.config", "taskName": null}
D:\Project\wordloom-v3\backend\scripts\legacy\chronicle_outbox_worker.py:861: DeprecationWarning: 'asyncio.WindowsSelectorEventLoopPolicy' is deprecated and slated for removal in Python 3.16
  asyncio.set_event_loop_policy(asyncio.WindowsSelectorEventLoopPolicy())
D:\Project\wordloom-v3\backend\scripts\legacy\chronicle_outbox_worker.py:861: DeprecationWarning: 'asyncio.set_event_loop_policy' is deprecated and slated for removal in Python 3.16
  asyncio.set_event_loop_policy(asyncio.WindowsSelectorEventLoopPolicy())
{"ts": "2026-02-14T13:24:04.557634+00:00", "level": "INFO", "logger": "__main__", "message": "[chronicle worker] metrics on :19113", "taskName": "Task-1"}
{"ts": "2026-02-14T13:24:04.558826+00:00", "level": "INFO", "logger": "__main__", "message": "[chronicle worker] runtime endpoints on :19115 (/healthz,/readyz)", "taskName": "Task-1"}
{"ts": "2026-02-14T13:24:04.767359+00:00", "level": "INFO", "logger": "__main__", "event": "outbox.claim_batch", "layer": "worker", "projection": "chronicle_events_to_entries", "worker_id": "DESKTOP-8ITAL7O", "batch_size": 50, "claimed": 1, "message": "outbox.claim_batch", "taskName": "Task-1"}
{"ts": "2026-02-14T13:24:04.781904+00:00", "level": "INFO", "logger": "__main__", "event": "projection.process_batch", "layer": "worker", "projection": "chronicle_events_to_entries", "worker_id": "DESKTOP-8ITAL7O", "batch_size": 1, "attempt": 0, "op": "upsert", "entity_type": "chronicle_event", "result": "ok", "message": "projection.process_batch", "taskName": "Task-1"}
{"ts": "2026-02-14T13:24:04.791729+00:00", "level": "INFO", "logger": "__main__", "event": "outbox.claim_batch", "layer": "worker", "projection": "chronicle_events_to_entries", "worker_id": "DESKTOP-8ITAL7O", "batch_size": 50, "claimed": 0, "message": "outbox.claim_batch", "taskName": "Task-1"}
{"ts": "2026-02-14T13:24:05.014992+00:00", "level": "INFO", "logger": "__main__", "event": "outbox.claim_batch", "layer": "worker", "projection": "chronicle_events_to_entries", "worker_id": "DESKTOP-8ITAL7O", "batch_size": 50, "claimed": 0, "message": "outbox.claim_batch", "taskName": "Task-1"}
{"ts": "2026-02-14T13:24:05.233457+00:00", "level": "INFO", "logger": "__main__", "event": "outbox.claim_batch", "layer": "worker", "projection": "chronicle_events_to_entries", "worker_id": "DESKTOP-8ITAL7O", "batch_size": 50, "claimed": 0, "message": "outbox.claim_batch", "taskName": "Task-1"}
{"ts": "2026-02-14T13:24:05.452384+00:00", "level": "INFO", "logger": "__main__", "event": "outbox.claim_batch", "layer": "worker", "projection": "chronicle_events_to_entries", "worker_id": "DESKTOP-8ITAL7O", "batch_size": 50, "claimed": 0, "message": "outbox.claim_batch", "taskName": "Task-1"}
{"ts": "2026-02-14T13:24:05.672526+00:00", "level": "INFO", "logger": "__main__", "event": "outbox.claim_batch", "layer": "worker", "projection": "chronicle_events_to_entries", "worker_id": "DESKTOP-8ITAL7O", "batch_size": 50, "claimed": 0, "message": "outbox.claim_batch", "taskName": "Task-1"}
{"ts": "2026-02-14T13:24:05.887118+00:00", "level": "INFO", "logger": "__main__", "event": "outbox.claim_batch", "layer": "worker", "projection": "chronicle_events_to_entries", "worker_id": "DESKTOP-8ITAL7O", "batch_size": 50, "claimed": 0, "message": "outbox.claim_batch", "taskName": "Task-1"}
{"ts": "2026-02-14T13:24:06.102946+00:00", "level": "INFO", "logger": "__main__", "event": "outbox.claim_batch", "layer": "worker", "projection": "chronicle_events_to_entries", "worker_id": "DESKTOP-8ITAL7O", "batch_size": 50, "claimed": 0, "message": "outbox.claim_batch", "taskName": "Task-1"}
{"ts": "2026-02-14T13:24:06.319716+00:00", "level": "INFO", "logger": "__main__", "event": "outbox.claim_batch", "layer": "worker", "projection": "chronicle_events_to_entries", "worker_id": "DESKTOP-8ITAL7O", "batch_size": 50, "claimed": 0, "message": "outbox.claim_batch", "taskName": "Task-1"}
{"ts": "2026-02-14T13:24:06.538229+00:00", "level": "INFO", "logger": "__main__", "event": "outbox.claim_batch", "layer": "worker", "projection": "chronicle_events_to_entries", "worker_id": "DESKTOP-8ITAL7O", "batch_size": 50, "claimed": 0, "message": "outbox.claim_batch", "taskName": "Task-1"}
{"ts": "2026-02-14T13:24:06.764378+00:00", "level": "INFO", "logger": "__main__", "event": "outbox.claim_batch", "layer": "worker", "projection": "chronicle_events_to_entries", "worker_id": "DESKTOP-8ITAL7O", "batch_size": 50, "claimed": 0, "message": "outbox.claim_batch", "taskName": "Task-1"}
{"ts": "2026-02-14T13:24:06.992970+00:00", "level": "INFO", "logger": "__main__", "event": "outbox.claim_batch", "layer": "worker", "projection": "chronicle_events_to_entries", "worker_id": "DESKTOP-8ITAL7O", "batch_size": 50, "claimed": 0, "message": "outbox.claim_batch", "taskName": "Task-1"}
{"ts": "2026-02-14T13:24:07.204503+00:00", "level": "INFO", "logger": "__main__", "event": "outbox.claim_batch", "layer": "worker", "projection": "chronicle_events_to_entries", "worker_id": "DESKTOP-8ITAL7O", "batch_size": 50, "claimed": 0, "message": "outbox.claim_batch", "taskName": "Task-1"}
{"ts": "2026-02-14T13:24:07.421516+00:00", "level": "INFO", "logger": "__main__", "event": "outbox.claim_batch", "layer": "worker", "projection": "chronicle_events_to_entries", "worker_id": "DESKTOP-8ITAL7O", "batch_size": 50, "claimed": 0, "message": "outbox.claim_batch", "taskName": "Task-1"}
{"ts": "2026-02-14T13:24:07.640929+00:00", "level": "INFO", "logger": "__main__", "event": "outbox.claim_batch", "layer": "worker", "projection": "chronicle_events_to_entries", "worker_id": "DESKTOP-8ITAL7O", "batch_size": 50, "claimed": 0, "message": "outbox.claim_batch", "taskName": "Task-1"}
{"ts": "2026-02-14T13:24:07.853931+00:00", "level": "INFO", "logger": "__main__", "event": "outbox.claim_batch", "layer": "worker", "projection": "chronicle_events_to_entries", "worker_id": "DESKTOP-8ITAL7O", "batch_size": 50, "claimed": 0, "message": "outbox.claim_batch", "taskName": "Task-1"}
{"ts": "2026-02-14T13:24:08.073115+00:00", "level": "INFO", "logger": "__main__", "event": "outbox.claim_batch", "layer": "worker", "projection": "chronicle_events_to_entries", "worker_id": "DESKTOP-8ITAL7O", "batch_size": 50, "claimed": 0, "message": "outbox.claim_batch", "taskName": "Task-1"}
{"ts": "2026-02-14T13:24:08.285456+00:00", "level": "INFO", "logger": "__main__", "event": "outbox.claim_batch", "layer": "worker", "projection": "chronicle_events_to_entries", "worker_id": "DESKTOP-8ITAL7O", "batch_size": 50, "claimed": 0, "message": "outbox.claim_batch", "taskName": "Task-1"}
{"ts": "2026-02-14T13:24:08.505915+00:00", "level": "INFO", "logger": "__main__", "event": "outbox.claim_batch", "layer": "worker", "projection": "chronicle_events_to_entries", "worker_id": "DESKTOP-8ITAL7O", "batch_size": 50, "claimed": 0, "message": "outbox.claim_batch", "taskName": "Task-1"}
{"ts": "2026-02-14T13:24:08.721308+00:00", "level": "INFO", "logger": "__main__", "event": "outbox.claim_batch", "layer": "worker", "projection": "chronicle_events_to_entries", "worker_id": "DESKTOP-8ITAL7O", "batch_size": 50, "claimed": 0, "message": "outbox.claim_batch", "taskName": "Task-1"}
{"ts": "2026-02-14T13:24:08.949546+00:00", "level": "INFO", "logger": "__main__", "event": "outbox.claim_batch", "layer": "worker", "projection": "chronicle_events_to_entries", "worker_id": "DESKTOP-8ITAL7O", "batch_size": 50, "claimed": 0, "message": "outbox.claim_batch", "taskName": "Task-1"}
{"ts": "2026-02-14T13:24:09.176177+00:00", "level": "INFO", "logger": "__main__", "event": "outbox.claim_batch", "layer": "worker", "projection": "chronicle_events_to_entries", "worker_id": "DESKTOP-8ITAL7O", "batch_size": 50, "claimed": 0, "message": "outbox.claim_batch", "taskName": "Task-1"}
{"ts": "2026-02-14T13:24:09.387051+00:00", "level": "INFO", "logger": "__main__", "event": "outbox.claim_batch", "layer": "worker", "projection": "chronicle_events_to_entries", "worker_id": "DESKTOP-8ITAL7O", "batch_size": 50, "claimed": 0, "message": "outbox.claim_batch", "taskName": "Task-1"}
{"ts": "2026-02-14T13:24:09.639022+00:00", "level": "INFO", "logger": "__main__", "event": "outbox.claim_batch", "layer": "worker", "projection": "chronicle_events_to_entries", "worker_id": "DESKTOP-8ITAL7O", "batch_size": 50, "claimed": 0, "message": "outbox.claim_batch", "taskName": "Task-1"}
{"ts": "2026-02-14T13:24:09.852725+00:00", "level": "INFO", "logger": "__main__", "event": "outbox.claim_batch", "layer": "worker", "projection": "chronicle_events_to_entries", "worker_id": "DESKTOP-8ITAL7O", "batch_size": 50, "claimed": 0, "message": "outbox.claim_batch", "taskName": "Task-1"}
{"ts": "2026-02-14T13:24:10.070637+00:00", "level": "INFO", "logger": "__main__", "event": "outbox.claim_batch", "layer": "worker", "projection": "chronicle_events_to_entries", "worker_id": "DESKTOP-8ITAL7O", "batch_size": 50, "claimed": 0, "message": "outbox.claim_batch", "taskName": "Task-1"}
{"ts": "2026-02-14T13:24:10.289012+00:00", "level": "INFO", "logger": "__main__", "event": "outbox.claim_batch", "layer": "worker", "projection": "chronicle_events_to_entries", "worker_id": "DESKTOP-8ITAL7O", "batch_size": 50, "claimed": 0, "message": "outbox.claim_batch", "taskName": "Task-1"}
{"ts": "2026-02-14T13:24:10.504126+00:00", "level": "INFO", "logger": "__main__", "event": "outbox.claim_batch", "layer": "worker", "projection": "chronicle_events_to_entries", "worker_id": "DESKTOP-8ITAL7O", "batch_size": 50, "claimed": 0, "message": "outbox.claim_batch", "taskName": "Task-1"}
{"ts": "2026-02-14T13:24:10.718053+00:00", "level": "INFO", "logger": "__main__", "event": "outbox.claim_batch", "layer": "worker", "projection": "chronicle_events_to_entries", "worker_id": "DESKTOP-8ITAL7O", "batch_size": 50, "claimed": 0, "message": "outbox.claim_batch", "taskName": "Task-1"}
{"ts": "2026-02-14T13:24:10.935177+00:00", "level": "INFO", "logger": "__main__", "event": "outbox.claim_batch", "layer": "worker", "projection": "chronicle_events_to_entries", "worker_id": "DESKTOP-8ITAL7O", "batch_size": 50, "claimed": 0, "message": "outbox.claim_batch", "taskName": "Task-1"}
{"ts": "2026-02-14T13:24:11.158751+00:00", "level": "INFO", "logger": "__main__", "event": "outbox.claim_batch", "layer": "worker", "projection": "chronicle_events_to_entries", "worker_id": "DESKTOP-8ITAL7O", "batch_size": 50, "claimed": 0, "message": "outbox.claim_batch", "taskName": "Task-1"}
{"ts": "2026-02-14T13:24:11.385592+00:00", "level": "INFO", "logger": "__main__", "event": "outbox.claim_batch", "layer": "worker", "projection": "chronicle_events_to_entries", "worker_id": "DESKTOP-8ITAL7O", "batch_size": 50, "claimed": 0, "message": "outbox.claim_batch", "taskName": "Task-1"}
{"ts": "2026-02-14T13:24:11.600057+00:00", "level": "INFO", "logger": "__main__", "event": "outbox.claim_batch", "layer": "worker", "projection": "chronicle_events_to_entries", "worker_id": "DESKTOP-8ITAL7O", "batch_size": 50, "claimed": 0, "message": "outbox.claim_batch", "taskName": "Task-1"}
{"ts": "2026-02-14T13:24:11.817075+00:00", "level": "INFO", "logger": "__main__", "event": "outbox.claim_batch", "layer": "worker", "projection": "chronicle_events_to_entries", "worker_id": "DESKTOP-8ITAL7O", "batch_size": 50, "claimed": 0, "message": "outbox.claim_batch", "taskName": "Task-1"}
{"ts": "2026-02-14T13:24:12.043921+00:00", "level": "INFO", "logger": "__main__", "event": "outbox.claim_batch", "layer": "worker", "projection": "chronicle_events_to_entries", "worker_id": "DESKTOP-8ITAL7O", "batch_size": 50, "claimed": 0, "message": "outbox.claim_batch", "taskName": "Task-1"}
{"ts": "2026-02-14T13:24:12.269810+00:00", "level": "INFO", "logger": "__main__", "event": "outbox.claim_batch", "layer": "worker", "projection": "chronicle_events_to_entries", "worker_id": "DESKTOP-8ITAL7O", "batch_size": 50, "claimed": 0, "message": "outbox.claim_batch", "taskName": "Task-1"}
{"ts": "2026-02-14T13:24:12.485974+00:00", "level": "INFO", "logger": "__main__", "event": "outbox.claim_batch", "layer": "worker", "projection": "chronicle_events_to_entries", "worker_id": "DESKTOP-8ITAL7O", "batch_size": 50, "claimed": 0, "message": "outbox.claim_batch", "taskName": "Task-1"}
{"ts": "2026-02-14T13:24:12.700099+00:00", "level": "INFO", "logger": "__main__", "event": "outbox.claim_batch", "layer": "worker", "projection": "chronicle_events_to_entries", "worker_id": "DESKTOP-8ITAL7O", "batch_size": 50, "claimed": 0, "message": "outbox.claim_batch", "taskName": "Task-1"}
{"ts": "2026-02-14T13:24:12.914529+00:00", "level": "INFO", "logger": "__main__", "event": "outbox.claim_batch", "layer": "worker", "projection": "chronicle_events_to_entries", "worker_id": "DESKTOP-8ITAL7O", "batch_size": 50, "claimed": 0, "message": "outbox.claim_batch", "taskName": "Task-1"}
{"ts": "2026-02-14T13:24:13.133019+00:00", "level": "INFO", "logger": "__main__", "event": "outbox.claim_batch", "layer": "worker", "projection": "chronicle_events_to_entries", "worker_id": "DESKTOP-8ITAL7O", "batch_size": 50, "claimed": 0, "message": "outbox.claim_batch", "taskName": "Task-1"}
{"ts": "2026-02-14T13:24:13.370248+00:00", "level": "INFO", "logger": "__main__", "event": "outbox.claim_batch", "layer": "worker", "projection": "chronicle_events_to_entries", "worker_id": "DESKTOP-8ITAL7O", "batch_size": 50, "claimed": 0, "message": "outbox.claim_batch", "taskName": "Task-1"}
{"ts": "2026-02-14T13:24:13.604766+00:00", "level": "INFO", "logger": "__main__", "event": "outbox.claim_batch", "layer": "worker", "projection": "chronicle_events_to_entries", "worker_id": "DESKTOP-8ITAL7O", "batch_size": 50, "claimed": 0, "message": "outbox.claim_batch", "taskName": "Task-1"}
{"ts": "2026-02-14T13:24:13.827184+00:00", "level": "INFO", "logger": "__main__", "event": "outbox.claim_batch", "layer": "worker", "projection": "chronicle_events_to_entries", "worker_id": "DESKTOP-8ITAL7O", "batch_size": 50, "claimed": 0, "message": "outbox.claim_batch", "taskName": "Task-1"}
{"ts": "2026-02-14T13:24:14.048555+00:00", "level": "INFO", "logger": "__main__", "event": "outbox.claim_batch", "layer": "worker", "projection": "chronicle_events_to_entries", "worker_id": "DESKTOP-8ITAL7O", "batch_size": 50, "claimed": 0, "message": "outbox.claim_batch", "taskName": "Task-1"}
{"ts": "2026-02-14T13:24:14.266415+00:00", "level": "INFO", "logger": "__main__", "event": "outbox.claim_batch", "layer": "worker", "projection": "chronicle_events_to_entries", "worker_id": "DESKTOP-8ITAL7O", "batch_size": 50, "claimed": 0, "message": "outbox.claim_batch", "taskName": "Task-1"}
{"ts": "2026-02-14T13:24:14.493135+00:00", "level": "INFO", "logger": "__main__", "event": "outbox.claim_batch", "layer": "worker", "projection": "chronicle_events_to_entries", "worker_id": "DESKTOP-8ITAL7O", "batch_size": 50, "claimed": 0, "message": "outbox.claim_batch", "taskName": "Task-1"}
{"ts": "2026-02-14T13:24:14.715041+00:00", "level": "INFO", "logger": "__main__", "message": "[chronicle worker] exiting after OUTBOX_RUN_SECONDS=10.0", "taskName": "Task-1"}
