

# controller: spawn attempt 1/4 metrics_port=19113 http_port=19115
D:\Project\wordloom-v3\backend\scripts\legacy\chronicle_outbox_worker.py:45: DeprecationWarning: 'asyncio.WindowsSelectorEventLoopPolicy' is deprecated and slated for removal in Python 3.16
  asyncio.set_event_loop_policy(asyncio.WindowsSelectorEventLoopPolicy())
D:\Project\wordloom-v3\backend\scripts\legacy\chronicle_outbox_worker.py:45: DeprecationWarning: 'asyncio.set_event_loop_policy' is deprecated and slated for removal in Python 3.16
  asyncio.set_event_loop_policy(asyncio.WindowsSelectorEventLoopPolicy())
[OK] Database: postgresql+psycopg://wordloom:wordloom@localhost:5435/wordloom_test
{"ts": "2026-02-14T13:23:46.049062+00:00", "level": "INFO", "logger": "infra.observability.tracing", "event": "tracing.startup", "enabled": true, "otel_service_name": "wordloom-chronicle-outbox-worker", "otlp_protocol": "http/protobuf", "otlp_target": "http://localhost:4318/v1/traces", "otlp_target_raw": "http://localhost:4318/v1/traces", "collector_reachable": true, "exporter_configured": true, "exporter_reason": "configured", "sampler": "always_on", "sampler_arg": "", "message": "tracing.startup", "taskName": null}
{"ts": "2026-02-14T13:23:46.049249+00:00", "level": "INFO", "logger": "infra.observability.tracing", "event": "tracing.config", "enabled": true, "otel_service_name": "wordloom-chronicle-outbox-worker", "otlp_protocol": "http/protobuf", "otlp_target": "http://localhost:4318/v1/traces", "sampler": "always_on", "sampler_arg": "", "message": "tracing.config", "taskName": null}
D:\Project\wordloom-v3\backend\scripts\legacy\chronicle_outbox_worker.py:861: DeprecationWarning: 'asyncio.WindowsSelectorEventLoopPolicy' is deprecated and slated for removal in Python 3.16
  asyncio.set_event_loop_policy(asyncio.WindowsSelectorEventLoopPolicy())
D:\Project\wordloom-v3\backend\scripts\legacy\chronicle_outbox_worker.py:861: DeprecationWarning: 'asyncio.set_event_loop_policy' is deprecated and slated for removal in Python 3.16
  asyncio.set_event_loop_policy(asyncio.WindowsSelectorEventLoopPolicy())
{"ts": "2026-02-14T13:23:46.067550+00:00", "level": "INFO", "logger": "__main__", "message": "[chronicle worker] metrics on :19113", "taskName": "Task-1"}
{"ts": "2026-02-14T13:23:46.068509+00:00", "level": "INFO", "logger": "__main__", "message": "[chronicle worker] runtime endpoints on :19115 (/healthz,/readyz)", "taskName": "Task-1"}
{"ts": "2026-02-14T13:23:46.302972+00:00", "level": "INFO", "logger": "__main__", "event": "outbox.claim_batch", "layer": "worker", "projection": "chronicle_events_to_entries", "worker_id": "DESKTOP-8ITAL7O", "batch_size": 50, "claimed": 1, "message": "outbox.claim_batch", "taskName": "Task-1"}
{"ts": "2026-02-14T13:23:46.314971+00:00", "level": "INFO", "logger": "__main__", "event": "projection.process_batch", "layer": "worker", "projection": "chronicle_events_to_entries", "worker_id": "DESKTOP-8ITAL7O", "batch_size": 1, "attempt": 0, "op": "upsert", "entity_type": "chronicle_event", "result": "ok", "message": "projection.process_batch", "taskName": "Task-1"}
{"ts": "2026-02-14T13:23:46.324643+00:00", "level": "INFO", "logger": "__main__", "event": "outbox.claim_batch", "layer": "worker", "projection": "chronicle_events_to_entries", "worker_id": "DESKTOP-8ITAL7O", "batch_size": 50, "claimed": 0, "message": "outbox.claim_batch", "taskName": "Task-1"}
{"ts": "2026-02-14T13:23:46.545489+00:00", "level": "INFO", "logger": "__main__", "event": "outbox.claim_batch", "layer": "worker", "projection": "chronicle_events_to_entries", "worker_id": "DESKTOP-8ITAL7O", "batch_size": 50, "claimed": 0, "message": "outbox.claim_batch", "taskName": "Task-1"}
{"ts": "2026-02-14T13:23:46.768578+00:00", "level": "INFO", "logger": "__main__", "event": "outbox.claim_batch", "layer": "worker", "projection": "chronicle_events_to_entries", "worker_id": "DESKTOP-8ITAL7O", "batch_size": 50, "claimed": 0, "message": "outbox.claim_batch", "taskName": "Task-1"}
{"ts": "2026-02-14T13:23:46.985884+00:00", "level": "INFO", "logger": "__main__", "event": "outbox.claim_batch", "layer": "worker", "projection": "chronicle_events_to_entries", "worker_id": "DESKTOP-8ITAL7O", "batch_size": 50, "claimed": 0, "message": "outbox.claim_batch", "taskName": "Task-1"}
{"ts": "2026-02-14T13:23:47.200201+00:00", "level": "INFO", "logger": "__main__", "event": "outbox.claim_batch", "layer": "worker", "projection": "chronicle_events_to_entries", "worker_id": "DESKTOP-8ITAL7O", "batch_size": 50, "claimed": 0, "message": "outbox.claim_batch", "taskName": "Task-1"}
{"ts": "2026-02-14T13:23:47.422152+00:00", "level": "INFO", "logger": "__main__", "event": "outbox.claim_batch", "layer": "worker", "projection": "chronicle_events_to_entries", "worker_id": "DESKTOP-8ITAL7O", "batch_size": 50, "claimed": 0, "message": "outbox.claim_batch", "taskName": "Task-1"}
{"ts": "2026-02-14T13:23:47.636221+00:00", "level": "INFO", "logger": "__main__", "event": "outbox.claim_batch", "layer": "worker", "projection": "chronicle_events_to_entries", "worker_id": "DESKTOP-8ITAL7O", "batch_size": 50, "claimed": 0, "message": "outbox.claim_batch", "taskName": "Task-1"}
{"ts": "2026-02-14T13:23:47.851461+00:00", "level": "INFO", "logger": "__main__", "event": "outbox.claim_batch", "layer": "worker", "projection": "chronicle_events_to_entries", "worker_id": "DESKTOP-8ITAL7O", "batch_size": 50, "claimed": 0, "message": "outbox.claim_batch", "taskName": "Task-1"}
{"ts": "2026-02-14T13:23:48.067532+00:00", "level": "INFO", "logger": "__main__", "event": "outbox.claim_batch", "layer": "worker", "projection": "chronicle_events_to_entries", "worker_id": "DESKTOP-8ITAL7O", "batch_size": 50, "claimed": 0, "message": "outbox.claim_batch", "taskName": "Task-1"}
{"ts": "2026-02-14T13:23:48.293979+00:00", "level": "INFO", "logger": "__main__", "event": "outbox.claim_batch", "layer": "worker", "projection": "chronicle_events_to_entries", "worker_id": "DESKTOP-8ITAL7O", "batch_size": 50, "claimed": 0, "message": "outbox.claim_batch", "taskName": "Task-1"}
{"ts": "2026-02-14T13:23:48.519837+00:00", "level": "INFO", "logger": "__main__", "event": "outbox.claim_batch", "layer": "worker", "projection": "chronicle_events_to_entries", "worker_id": "DESKTOP-8ITAL7O", "batch_size": 50, "claimed": 0, "message": "outbox.claim_batch", "taskName": "Task-1"}
{"ts": "2026-02-14T13:23:48.735167+00:00", "level": "INFO", "logger": "__main__", "event": "outbox.claim_batch", "layer": "worker", "projection": "chronicle_events_to_entries", "worker_id": "DESKTOP-8ITAL7O", "batch_size": 50, "claimed": 0, "message": "outbox.claim_batch", "taskName": "Task-1"}
{"ts": "2026-02-14T13:23:48.954932+00:00", "level": "INFO", "logger": "__main__", "event": "outbox.claim_batch", "layer": "worker", "projection": "chronicle_events_to_entries", "worker_id": "DESKTOP-8ITAL7O", "batch_size": 50, "claimed": 0, "message": "outbox.claim_batch", "taskName": "Task-1"}
{"ts": "2026-02-14T13:23:49.171398+00:00", "level": "INFO", "logger": "__main__", "event": "outbox.claim_batch", "layer": "worker", "projection": "chronicle_events_to_entries", "worker_id": "DESKTOP-8ITAL7O", "batch_size": 50, "claimed": 0, "message": "outbox.claim_batch", "taskName": "Task-1"}
{"ts": "2026-02-14T13:23:49.387804+00:00", "level": "INFO", "logger": "__main__", "event": "outbox.claim_batch", "layer": "worker", "projection": "chronicle_events_to_entries", "worker_id": "DESKTOP-8ITAL7O", "batch_size": 50, "claimed": 0, "message": "outbox.claim_batch", "taskName": "Task-1"}
{"ts": "2026-02-14T13:23:49.607989+00:00", "level": "INFO", "logger": "__main__", "event": "outbox.claim_batch", "layer": "worker", "projection": "chronicle_events_to_entries", "worker_id": "DESKTOP-8ITAL7O", "batch_size": 50, "claimed": 0, "message": "outbox.claim_batch", "taskName": "Task-1"}
{"ts": "2026-02-14T13:23:49.823036+00:00", "level": "INFO", "logger": "__main__", "event": "outbox.claim_batch", "layer": "worker", "projection": "chronicle_events_to_entries", "worker_id": "DESKTOP-8ITAL7O", "batch_size": 50, "claimed": 0, "message": "outbox.claim_batch", "taskName": "Task-1"}
{"ts": "2026-02-14T13:23:50.041230+00:00", "level": "INFO", "logger": "__main__", "event": "outbox.claim_batch", "layer": "worker", "projection": "chronicle_events_to_entries", "worker_id": "DESKTOP-8ITAL7O", "batch_size": 50, "claimed": 0, "message": "outbox.claim_batch", "taskName": "Task-1"}
{"ts": "2026-02-14T13:23:50.259483+00:00", "level": "INFO", "logger": "__main__", "event": "outbox.claim_batch", "layer": "worker", "projection": "chronicle_events_to_entries", "worker_id": "DESKTOP-8ITAL7O", "batch_size": 50, "claimed": 0, "message": "outbox.claim_batch", "taskName": "Task-1"}
{"ts": "2026-02-14T13:23:50.484551+00:00", "level": "INFO", "logger": "__main__", "event": "outbox.claim_batch", "layer": "worker", "projection": "chronicle_events_to_entries", "worker_id": "DESKTOP-8ITAL7O", "batch_size": 50, "claimed": 0, "message": "outbox.claim_batch", "taskName": "Task-1"}
{"ts": "2026-02-14T13:23:50.711482+00:00", "level": "INFO", "logger": "__main__", "event": "outbox.claim_batch", "layer": "worker", "projection": "chronicle_events_to_entries", "worker_id": "DESKTOP-8ITAL7O", "batch_size": 50, "claimed": 0, "message": "outbox.claim_batch", "taskName": "Task-1"}
{"ts": "2026-02-14T13:23:50.945237+00:00", "level": "INFO", "logger": "__main__", "event": "outbox.claim_batch", "layer": "worker", "projection": "chronicle_events_to_entries", "worker_id": "DESKTOP-8ITAL7O", "batch_size": 50, "claimed": 0, "message": "outbox.claim_batch", "taskName": "Task-1"}
{"ts": "2026-02-14T13:23:51.168716+00:00", "level": "INFO", "logger": "__main__", "event": "outbox.claim_batch", "layer": "worker", "projection": "chronicle_events_to_entries", "worker_id": "DESKTOP-8ITAL7O", "batch_size": 50, "claimed": 0, "message": "outbox.claim_batch", "taskName": "Task-1"}
{"ts": "2026-02-14T13:23:51.383584+00:00", "level": "INFO", "logger": "__main__", "event": "outbox.claim_batch", "layer": "worker", "projection": "chronicle_events_to_entries", "worker_id": "DESKTOP-8ITAL7O", "batch_size": 50, "claimed": 0, "message": "outbox.claim_batch", "taskName": "Task-1"}
{"ts": "2026-02-14T13:23:51.599618+00:00", "level": "INFO", "logger": "__main__", "event": "outbox.claim_batch", "layer": "worker", "projection": "chronicle_events_to_entries", "worker_id": "DESKTOP-8ITAL7O", "batch_size": 50, "claimed": 0, "message": "outbox.claim_batch", "taskName": "Task-1"}
{"ts": "2026-02-14T13:23:51.819973+00:00", "level": "INFO", "logger": "__main__", "event": "outbox.claim_batch", "layer": "worker", "projection": "chronicle_events_to_entries", "worker_id": "DESKTOP-8ITAL7O", "batch_size": 50, "claimed": 0, "message": "outbox.claim_batch", "taskName": "Task-1"}
{"ts": "2026-02-14T13:23:52.031885+00:00", "level": "INFO", "logger": "__main__", "event": "outbox.claim_batch", "layer": "worker", "projection": "chronicle_events_to_entries", "worker_id": "DESKTOP-8ITAL7O", "batch_size": 50, "claimed": 0, "message": "outbox.claim_batch", "taskName": "Task-1"}
{"ts": "2026-02-14T13:23:52.248186+00:00", "level": "INFO", "logger": "__main__", "event": "outbox.claim_batch", "layer": "worker", "projection": "chronicle_events_to_entries", "worker_id": "DESKTOP-8ITAL7O", "batch_size": 50, "claimed": 0, "message": "outbox.claim_batch", "taskName": "Task-1"}
{"ts": "2026-02-14T13:23:52.465360+00:00", "level": "INFO", "logger": "__main__", "event": "outbox.claim_batch", "layer": "worker", "projection": "chronicle_events_to_entries", "worker_id": "DESKTOP-8ITAL7O", "batch_size": 50, "claimed": 0, "message": "outbox.claim_batch", "taskName": "Task-1"}
{"ts": "2026-02-14T13:23:52.691679+00:00", "level": "INFO", "logger": "__main__", "event": "outbox.claim_batch", "layer": "worker", "projection": "chronicle_events_to_entries", "worker_id": "DESKTOP-8ITAL7O", "batch_size": 50, "claimed": 0, "message": "outbox.claim_batch", "taskName": "Task-1"}
{"ts": "2026-02-14T13:23:52.921152+00:00", "level": "INFO", "logger": "__main__", "event": "outbox.claim_batch", "layer": "worker", "projection": "chronicle_events_to_entries", "worker_id": "DESKTOP-8ITAL7O", "batch_size": 50, "claimed": 0, "message": "outbox.claim_batch", "taskName": "Task-1"}
{"ts": "2026-02-14T13:23:53.130972+00:00", "level": "INFO", "logger": "__main__", "event": "outbox.claim_batch", "layer": "worker", "projection": "chronicle_events_to_entries", "worker_id": "DESKTOP-8ITAL7O", "batch_size": 50, "claimed": 0, "message": "outbox.claim_batch", "taskName": "Task-1"}
{"ts": "2026-02-14T13:23:53.351326+00:00", "level": "INFO", "logger": "__main__", "event": "outbox.claim_batch", "layer": "worker", "projection": "chronicle_events_to_entries", "worker_id": "DESKTOP-8ITAL7O", "batch_size": 50, "claimed": 0, "message": "outbox.claim_batch", "taskName": "Task-1"}
{"ts": "2026-02-14T13:23:53.568474+00:00", "level": "INFO", "logger": "__main__", "event": "outbox.claim_batch", "layer": "worker", "projection": "chronicle_events_to_entries", "worker_id": "DESKTOP-8ITAL7O", "batch_size": 50, "claimed": 0, "message": "outbox.claim_batch", "taskName": "Task-1"}
{"ts": "2026-02-14T13:23:53.784519+00:00", "level": "INFO", "logger": "__main__", "event": "outbox.claim_batch", "layer": "worker", "projection": "chronicle_events_to_entries", "worker_id": "DESKTOP-8ITAL7O", "batch_size": 50, "claimed": 0, "message": "outbox.claim_batch", "taskName": "Task-1"}
{"ts": "2026-02-14T13:23:54.000628+00:00", "level": "INFO", "logger": "__main__", "event": "outbox.claim_batch", "layer": "worker", "projection": "chronicle_events_to_entries", "worker_id": "DESKTOP-8ITAL7O", "batch_size": 50, "claimed": 0, "message": "outbox.claim_batch", "taskName": "Task-1"}
{"ts": "2026-02-14T13:23:54.215168+00:00", "level": "INFO", "logger": "__main__", "event": "outbox.claim_batch", "layer": "worker", "projection": "chronicle_events_to_entries", "worker_id": "DESKTOP-8ITAL7O", "batch_size": 50, "claimed": 0, "message": "outbox.claim_batch", "taskName": "Task-1"}
{"ts": "2026-02-14T13:23:54.429106+00:00", "level": "INFO", "logger": "__main__", "event": "outbox.claim_batch", "layer": "worker", "projection": "chronicle_events_to_entries", "worker_id": "DESKTOP-8ITAL7O", "batch_size": 50, "claimed": 0, "message": "outbox.claim_batch", "taskName": "Task-1"}
{"ts": "2026-02-14T13:23:54.642940+00:00", "level": "INFO", "logger": "__main__", "event": "outbox.claim_batch", "layer": "worker", "projection": "chronicle_events_to_entries", "worker_id": "DESKTOP-8ITAL7O", "batch_size": 50, "claimed": 0, "message": "outbox.claim_batch", "taskName": "Task-1"}
{"ts": "2026-02-14T13:23:54.871326+00:00", "level": "INFO", "logger": "__main__", "event": "outbox.claim_batch", "layer": "worker", "projection": "chronicle_events_to_entries", "worker_id": "DESKTOP-8ITAL7O", "batch_size": 50, "claimed": 0, "message": "outbox.claim_batch", "taskName": "Task-1"}
{"ts": "2026-02-14T13:23:55.097375+00:00", "level": "INFO", "logger": "__main__", "event": "outbox.claim_batch", "layer": "worker", "projection": "chronicle_events_to_entries", "worker_id": "DESKTOP-8ITAL7O", "batch_size": 50, "claimed": 0, "message": "outbox.claim_batch", "taskName": "Task-1"}
{"ts": "2026-02-14T13:23:55.316371+00:00", "level": "INFO", "logger": "__main__", "event": "outbox.claim_batch", "layer": "worker", "projection": "chronicle_events_to_entries", "worker_id": "DESKTOP-8ITAL7O", "batch_size": 50, "claimed": 0, "message": "outbox.claim_batch", "taskName": "Task-1"}
{"ts": "2026-02-14T13:23:55.531589+00:00", "level": "INFO", "logger": "__main__", "event": "outbox.claim_batch", "layer": "worker", "projection": "chronicle_events_to_entries", "worker_id": "DESKTOP-8ITAL7O", "batch_size": 50, "claimed": 0, "message": "outbox.claim_batch", "taskName": "Task-1"}
{"ts": "2026-02-14T13:23:55.746466+00:00", "level": "INFO", "logger": "__main__", "event": "outbox.claim_batch", "layer": "worker", "projection": "chronicle_events_to_entries", "worker_id": "DESKTOP-8ITAL7O", "batch_size": 50, "claimed": 0, "message": "outbox.claim_batch", "taskName": "Task-1"}
{"ts": "2026-02-14T13:23:55.963100+00:00", "level": "INFO", "logger": "__main__", "event": "outbox.claim_batch", "layer": "worker", "projection": "chronicle_events_to_entries", "worker_id": "DESKTOP-8ITAL7O", "batch_size": 50, "claimed": 0, "message": "outbox.claim_batch", "taskName": "Task-1"}
{"ts": "2026-02-14T13:23:56.249189+00:00", "level": "INFO", "logger": "__main__", "event": "outbox.claim_batch", "layer": "worker", "projection": "chronicle_events_to_entries", "worker_id": "DESKTOP-8ITAL7O", "batch_size": 50, "claimed": 0, "message": "outbox.claim_batch", "taskName": "Task-1"}
{"ts": "2026-02-14T13:23:56.464545+00:00", "level": "INFO", "logger": "__main__", "message": "[chronicle worker] exiting after OUTBOX_RUN_SECONDS=10.0", "taskName": "Task-1"}
