

# controller: spawn attempt 1/4 metrics_port=19112 http_port=19114
D:\Project\wordloom-v3\backend\scripts\legacy\chronicle_outbox_worker.py:45: DeprecationWarning: 'asyncio.WindowsSelectorEventLoopPolicy' is deprecated and slated for removal in Python 3.16
  asyncio.set_event_loop_policy(asyncio.WindowsSelectorEventLoopPolicy())
D:\Project\wordloom-v3\backend\scripts\legacy\chronicle_outbox_worker.py:45: DeprecationWarning: 'asyncio.set_event_loop_policy' is deprecated and slated for removal in Python 3.16
  asyncio.set_event_loop_policy(asyncio.WindowsSelectorEventLoopPolicy())
[OK] Database: postgresql+psycopg://wordloom:wordloom@localhost:5435/wordloom_test
{"ts": "2026-02-14T13:23:29.806862+00:00", "level": "INFO", "logger": "infra.observability.tracing", "event": "tracing.startup", "enabled": true, "otel_service_name": "wordloom-chronicle-outbox-worker", "otlp_protocol": "http/protobuf", "otlp_target": "http://localhost:4318/v1/traces", "otlp_target_raw": "http://localhost:4318/v1/traces", "collector_reachable": true, "exporter_configured": true, "exporter_reason": "configured", "sampler": "always_on", "sampler_arg": "", "message": "tracing.startup", "taskName": null}
{"ts": "2026-02-14T13:23:29.807050+00:00", "level": "INFO", "logger": "infra.observability.tracing", "event": "tracing.config", "enabled": true, "otel_service_name": "wordloom-chronicle-outbox-worker", "otlp_protocol": "http/protobuf", "otlp_target": "http://localhost:4318/v1/traces", "sampler": "always_on", "sampler_arg": "", "message": "tracing.config", "taskName": null}
D:\Project\wordloom-v3\backend\scripts\legacy\chronicle_outbox_worker.py:861: DeprecationWarning: 'asyncio.WindowsSelectorEventLoopPolicy' is deprecated and slated for removal in Python 3.16
  asyncio.set_event_loop_policy(asyncio.WindowsSelectorEventLoopPolicy())
D:\Project\wordloom-v3\backend\scripts\legacy\chronicle_outbox_worker.py:861: DeprecationWarning: 'asyncio.set_event_loop_policy' is deprecated and slated for removal in Python 3.16
  asyncio.set_event_loop_policy(asyncio.WindowsSelectorEventLoopPolicy())
{"ts": "2026-02-14T13:23:29.812624+00:00", "level": "INFO", "logger": "__main__", "message": "[chronicle worker] metrics on :19112", "taskName": "Task-1"}
{"ts": "2026-02-14T13:23:29.814181+00:00", "level": "INFO", "logger": "__main__", "message": "[chronicle worker] runtime endpoints on :19114 (/healthz,/readyz)", "taskName": "Task-1"}
{"ts": "2026-02-14T13:23:30.053966+00:00", "level": "INFO", "logger": "__main__", "event": "outbox.claim_batch", "layer": "worker", "projection": "chronicle_events_to_entries", "worker_id": "DESKTOP-8ITAL7O", "batch_size": 50, "claimed": 1, "message": "outbox.claim_batch", "taskName": "Task-1"}
{"ts": "2026-02-14T13:23:30.068026+00:00", "level": "INFO", "logger": "__main__", "event": "projection.process_batch", "layer": "worker", "projection": "chronicle_events_to_entries", "worker_id": "DESKTOP-8ITAL7O", "batch_size": 1, "attempt": 0, "op": "upsert", "entity_type": "chronicle_event", "result": "ok", "message": "projection.process_batch", "taskName": "Task-1"}
{"ts": "2026-02-14T13:23:30.077860+00:00", "level": "INFO", "logger": "__main__", "event": "outbox.claim_batch", "layer": "worker", "projection": "chronicle_events_to_entries", "worker_id": "DESKTOP-8ITAL7O", "batch_size": 50, "claimed": 0, "message": "outbox.claim_batch", "taskName": "Task-1"}
{"ts": "2026-02-14T13:23:30.289870+00:00", "level": "INFO", "logger": "__main__", "event": "outbox.claim_batch", "layer": "worker", "projection": "chronicle_events_to_entries", "worker_id": "DESKTOP-8ITAL7O", "batch_size": 50, "claimed": 0, "message": "outbox.claim_batch", "taskName": "Task-1"}
{"ts": "2026-02-14T13:23:30.506775+00:00", "level": "INFO", "logger": "__main__", "event": "outbox.claim_batch", "layer": "worker", "projection": "chronicle_events_to_entries", "worker_id": "DESKTOP-8ITAL7O", "batch_size": 50, "claimed": 0, "message": "outbox.claim_batch", "taskName": "Task-1"}
{"ts": "2026-02-14T13:23:30.720721+00:00", "level": "INFO", "logger": "__main__", "event": "outbox.claim_batch", "layer": "worker", "projection": "chronicle_events_to_entries", "worker_id": "DESKTOP-8ITAL7O", "batch_size": 50, "claimed": 0, "message": "outbox.claim_batch", "taskName": "Task-1"}
{"ts": "2026-02-14T13:23:30.952544+00:00", "level": "INFO", "logger": "__main__", "event": "outbox.claim_batch", "layer": "worker", "projection": "chronicle_events_to_entries", "worker_id": "DESKTOP-8ITAL7O", "batch_size": 50, "claimed": 0, "message": "outbox.claim_batch", "taskName": "Task-1"}
{"ts": "2026-02-14T13:23:31.171141+00:00", "level": "INFO", "logger": "__main__", "event": "outbox.claim_batch", "layer": "worker", "projection": "chronicle_events_to_entries", "worker_id": "DESKTOP-8ITAL7O", "batch_size": 50, "claimed": 0, "message": "outbox.claim_batch", "taskName": "Task-1"}
{"ts": "2026-02-14T13:23:31.385314+00:00", "level": "INFO", "logger": "__main__", "event": "outbox.claim_batch", "layer": "worker", "projection": "chronicle_events_to_entries", "worker_id": "DESKTOP-8ITAL7O", "batch_size": 50, "claimed": 0, "message": "outbox.claim_batch", "taskName": "Task-1"}
{"ts": "2026-02-14T13:23:31.604444+00:00", "level": "INFO", "logger": "__main__", "event": "outbox.claim_batch", "layer": "worker", "projection": "chronicle_events_to_entries", "worker_id": "DESKTOP-8ITAL7O", "batch_size": 50, "claimed": 0, "message": "outbox.claim_batch", "taskName": "Task-1"}
{"ts": "2026-02-14T13:23:31.824376+00:00", "level": "INFO", "logger": "__main__", "event": "outbox.claim_batch", "layer": "worker", "projection": "chronicle_events_to_entries", "worker_id": "DESKTOP-8ITAL7O", "batch_size": 50, "claimed": 0, "message": "outbox.claim_batch", "taskName": "Task-1"}
{"ts": "2026-02-14T13:23:32.044849+00:00", "level": "INFO", "logger": "__main__", "event": "outbox.claim_batch", "layer": "worker", "projection": "chronicle_events_to_entries", "worker_id": "DESKTOP-8ITAL7O", "batch_size": 50, "claimed": 0, "message": "outbox.claim_batch", "taskName": "Task-1"}
{"ts": "2026-02-14T13:23:32.272446+00:00", "level": "INFO", "logger": "__main__", "event": "outbox.claim_batch", "layer": "worker", "projection": "chronicle_events_to_entries", "worker_id": "DESKTOP-8ITAL7O", "batch_size": 50, "claimed": 0, "message": "outbox.claim_batch", "taskName": "Task-1"}
{"ts": "2026-02-14T13:23:32.487631+00:00", "level": "INFO", "logger": "__main__", "event": "outbox.claim_batch", "layer": "worker", "projection": "chronicle_events_to_entries", "worker_id": "DESKTOP-8ITAL7O", "batch_size": 50, "claimed": 0, "message": "outbox.claim_batch", "taskName": "Task-1"}
{"ts": "2026-02-14T13:23:32.703586+00:00", "level": "INFO", "logger": "__main__", "event": "outbox.claim_batch", "layer": "worker", "projection": "chronicle_events_to_entries", "worker_id": "DESKTOP-8ITAL7O", "batch_size": 50, "claimed": 0, "message": "outbox.claim_batch", "taskName": "Task-1"}
{"ts": "2026-02-14T13:23:32.920873+00:00", "level": "INFO", "logger": "__main__", "event": "outbox.claim_batch", "layer": "worker", "projection": "chronicle_events_to_entries", "worker_id": "DESKTOP-8ITAL7O", "batch_size": 50, "claimed": 0, "message": "outbox.claim_batch", "taskName": "Task-1"}
{"ts": "2026-02-14T13:23:33.139392+00:00", "level": "INFO", "logger": "__main__", "event": "outbox.claim_batch", "layer": "worker", "projection": "chronicle_events_to_entries", "worker_id": "DESKTOP-8ITAL7O", "batch_size": 50, "claimed": 0, "message": "outbox.claim_batch", "taskName": "Task-1"}
{"ts": "2026-02-14T13:23:33.360218+00:00", "level": "INFO", "logger": "__main__", "event": "outbox.claim_batch", "layer": "worker", "projection": "chronicle_events_to_entries", "worker_id": "DESKTOP-8ITAL7O", "batch_size": 50, "claimed": 0, "message": "outbox.claim_batch", "taskName": "Task-1"}
{"ts": "2026-02-14T13:23:33.575641+00:00", "level": "INFO", "logger": "__main__", "event": "outbox.claim_batch", "layer": "worker", "projection": "chronicle_events_to_entries", "worker_id": "DESKTOP-8ITAL7O", "batch_size": 50, "claimed": 0, "message": "outbox.claim_batch", "taskName": "Task-1"}
{"ts": "2026-02-14T13:23:33.796378+00:00", "level": "INFO", "logger": "__main__", "event": "outbox.claim_batch", "layer": "worker", "projection": "chronicle_events_to_entries", "worker_id": "DESKTOP-8ITAL7O", "batch_size": 50, "claimed": 0, "message": "outbox.claim_batch", "taskName": "Task-1"}
{"ts": "2026-02-14T13:23:34.010110+00:00", "level": "INFO", "logger": "__main__", "event": "outbox.claim_batch", "layer": "worker", "projection": "chronicle_events_to_entries", "worker_id": "DESKTOP-8ITAL7O", "batch_size": 50, "claimed": 0, "message": "outbox.claim_batch", "taskName": "Task-1"}
{"ts": "2026-02-14T13:23:34.242263+00:00", "level": "INFO", "logger": "__main__", "event": "outbox.claim_batch", "layer": "worker", "projection": "chronicle_events_to_entries", "worker_id": "DESKTOP-8ITAL7O", "batch_size": 50, "claimed": 0, "message": "outbox.claim_batch", "taskName": "Task-1"}
{"ts": "2026-02-14T13:23:34.466219+00:00", "level": "INFO", "logger": "__main__", "event": "outbox.claim_batch", "layer": "worker", "projection": "chronicle_events_to_entries", "worker_id": "DESKTOP-8ITAL7O", "batch_size": 50, "claimed": 0, "message": "outbox.claim_batch", "taskName": "Task-1"}
{"ts": "2026-02-14T13:23:34.676527+00:00", "level": "INFO", "logger": "__main__", "event": "outbox.claim_batch", "layer": "worker", "projection": "chronicle_events_to_entries", "worker_id": "DESKTOP-8ITAL7O", "batch_size": 50, "claimed": 0, "message": "outbox.claim_batch", "taskName": "Task-1"}
{"ts": "2026-02-14T13:23:34.897862+00:00", "level": "INFO", "logger": "__main__", "event": "outbox.claim_batch", "layer": "worker", "projection": "chronicle_events_to_entries", "worker_id": "DESKTOP-8ITAL7O", "batch_size": 50, "claimed": 0, "message": "outbox.claim_batch", "taskName": "Task-1"}
{"ts": "2026-02-14T13:23:35.114655+00:00", "level": "INFO", "logger": "__main__", "event": "outbox.claim_batch", "layer": "worker", "projection": "chronicle_events_to_entries", "worker_id": "DESKTOP-8ITAL7O", "batch_size": 50, "claimed": 0, "message": "outbox.claim_batch", "taskName": "Task-1"}
{"ts": "2026-02-14T13:23:35.331963+00:00", "level": "INFO", "logger": "__main__", "event": "outbox.claim_batch", "layer": "worker", "projection": "chronicle_events_to_entries", "worker_id": "DESKTOP-8ITAL7O", "batch_size": 50, "claimed": 0, "message": "outbox.claim_batch", "taskName": "Task-1"}
{"ts": "2026-02-14T13:23:35.552960+00:00", "level": "INFO", "logger": "__main__", "event": "outbox.claim_batch", "layer": "worker", "projection": "chronicle_events_to_entries", "worker_id": "DESKTOP-8ITAL7O", "batch_size": 50, "claimed": 0, "message": "outbox.claim_batch", "taskName": "Task-1"}
{"ts": "2026-02-14T13:23:35.768800+00:00", "level": "INFO", "logger": "__main__", "event": "outbox.claim_batch", "layer": "worker", "projection": "chronicle_events_to_entries", "worker_id": "DESKTOP-8ITAL7O", "batch_size": 50, "claimed": 0, "message": "outbox.claim_batch", "taskName": "Task-1"}
{"ts": "2026-02-14T13:23:35.982637+00:00", "level": "INFO", "logger": "__main__", "event": "outbox.claim_batch", "layer": "worker", "projection": "chronicle_events_to_entries", "worker_id": "DESKTOP-8ITAL7O", "batch_size": 50, "claimed": 0, "message": "outbox.claim_batch", "taskName": "Task-1"}
{"ts": "2026-02-14T13:23:36.197650+00:00", "level": "INFO", "logger": "__main__", "event": "outbox.claim_batch", "layer": "worker", "projection": "chronicle_events_to_entries", "worker_id": "DESKTOP-8ITAL7O", "batch_size": 50, "claimed": 0, "message": "outbox.claim_batch", "taskName": "Task-1"}
{"ts": "2026-02-14T13:23:36.423271+00:00", "level": "INFO", "logger": "__main__", "event": "outbox.claim_batch", "layer": "worker", "projection": "chronicle_events_to_entries", "worker_id": "DESKTOP-8ITAL7O", "batch_size": 50, "claimed": 0, "message": "outbox.claim_batch", "taskName": "Task-1"}
{"ts": "2026-02-14T13:23:36.649646+00:00", "level": "INFO", "logger": "__main__", "event": "outbox.claim_batch", "layer": "worker", "projection": "chronicle_events_to_entries", "worker_id": "DESKTOP-8ITAL7O", "batch_size": 50, "claimed": 0, "message": "outbox.claim_batch", "taskName": "Task-1"}
{"ts": "2026-02-14T13:23:36.865782+00:00", "level": "INFO", "logger": "__main__", "event": "outbox.claim_batch", "layer": "worker", "projection": "chronicle_events_to_entries", "worker_id": "DESKTOP-8ITAL7O", "batch_size": 50, "claimed": 0, "message": "outbox.claim_batch", "taskName": "Task-1"}
{"ts": "2026-02-14T13:23:37.088930+00:00", "level": "INFO", "logger": "__main__", "event": "outbox.claim_batch", "layer": "worker", "projection": "chronicle_events_to_entries", "worker_id": "DESKTOP-8ITAL7O", "batch_size": 50, "claimed": 0, "message": "outbox.claim_batch", "taskName": "Task-1"}
{"ts": "2026-02-14T13:23:37.299399+00:00", "level": "INFO", "logger": "__main__", "event": "outbox.claim_batch", "layer": "worker", "projection": "chronicle_events_to_entries", "worker_id": "DESKTOP-8ITAL7O", "batch_size": 50, "claimed": 0, "message": "outbox.claim_batch", "taskName": "Task-1"}
{"ts": "2026-02-14T13:23:37.516608+00:00", "level": "INFO", "logger": "__main__", "event": "outbox.claim_batch", "layer": "worker", "projection": "chronicle_events_to_entries", "worker_id": "DESKTOP-8ITAL7O", "batch_size": 50, "claimed": 0, "message": "outbox.claim_batch", "taskName": "Task-1"}
{"ts": "2026-02-14T13:23:37.734050+00:00", "level": "INFO", "logger": "__main__", "event": "outbox.claim_batch", "layer": "worker", "projection": "chronicle_events_to_entries", "worker_id": "DESKTOP-8ITAL7O", "batch_size": 50, "claimed": 0, "message": "outbox.claim_batch", "taskName": "Task-1"}
{"ts": "2026-02-14T13:23:37.948830+00:00", "level": "INFO", "logger": "__main__", "event": "outbox.claim_batch", "layer": "worker", "projection": "chronicle_events_to_entries", "worker_id": "DESKTOP-8ITAL7O", "batch_size": 50, "claimed": 0, "message": "outbox.claim_batch", "taskName": "Task-1"}
{"ts": "2026-02-14T13:23:38.164446+00:00", "level": "INFO", "logger": "__main__", "event": "outbox.claim_batch", "layer": "worker", "projection": "chronicle_events_to_entries", "worker_id": "DESKTOP-8ITAL7O", "batch_size": 50, "claimed": 0, "message": "outbox.claim_batch", "taskName": "Task-1"}
{"ts": "2026-02-14T13:23:38.383740+00:00", "level": "INFO", "logger": "__main__", "event": "outbox.claim_batch", "layer": "worker", "projection": "chronicle_events_to_entries", "worker_id": "DESKTOP-8ITAL7O", "batch_size": 50, "claimed": 0, "message": "outbox.claim_batch", "taskName": "Task-1"}
{"ts": "2026-02-14T13:23:38.611362+00:00", "level": "INFO", "logger": "__main__", "event": "outbox.claim_batch", "layer": "worker", "projection": "chronicle_events_to_entries", "worker_id": "DESKTOP-8ITAL7O", "batch_size": 50, "claimed": 0, "message": "outbox.claim_batch", "taskName": "Task-1"}
{"ts": "2026-02-14T13:23:38.834941+00:00", "level": "INFO", "logger": "__main__", "event": "outbox.claim_batch", "layer": "worker", "projection": "chronicle_events_to_entries", "worker_id": "DESKTOP-8ITAL7O", "batch_size": 50, "claimed": 0, "message": "outbox.claim_batch", "taskName": "Task-1"}
{"ts": "2026-02-14T13:23:39.045353+00:00", "level": "INFO", "logger": "__main__", "event": "outbox.claim_batch", "layer": "worker", "projection": "chronicle_events_to_entries", "worker_id": "DESKTOP-8ITAL7O", "batch_size": 50, "claimed": 0, "message": "outbox.claim_batch", "taskName": "Task-1"}
{"ts": "2026-02-14T13:23:39.264353+00:00", "level": "INFO", "logger": "__main__", "event": "outbox.claim_batch", "layer": "worker", "projection": "chronicle_events_to_entries", "worker_id": "DESKTOP-8ITAL7O", "batch_size": 50, "claimed": 0, "message": "outbox.claim_batch", "taskName": "Task-1"}
{"ts": "2026-02-14T13:23:39.488593+00:00", "level": "INFO", "logger": "__main__", "event": "outbox.claim_batch", "layer": "worker", "projection": "chronicle_events_to_entries", "worker_id": "DESKTOP-8ITAL7O", "batch_size": 50, "claimed": 0, "message": "outbox.claim_batch", "taskName": "Task-1"}
{"ts": "2026-02-14T13:23:39.699309+00:00", "level": "INFO", "logger": "__main__", "event": "outbox.claim_batch", "layer": "worker", "projection": "chronicle_events_to_entries", "worker_id": "DESKTOP-8ITAL7O", "batch_size": 50, "claimed": 0, "message": "outbox.claim_batch", "taskName": "Task-1"}
{"ts": "2026-02-14T13:23:39.981985+00:00", "level": "INFO", "logger": "__main__", "event": "outbox.claim_batch", "layer": "worker", "projection": "chronicle_events_to_entries", "worker_id": "DESKTOP-8ITAL7O", "batch_size": 50, "claimed": 0, "message": "outbox.claim_batch", "taskName": "Task-1"}
{"ts": "2026-02-14T13:23:40.184536+00:00", "level": "INFO", "logger": "__main__", "message": "[chronicle worker] exiting after OUTBOX_RUN_SECONDS=10.0", "taskName": "Task-1"}
